[0.006s] Invoking command in '/home/super-rogatory/ros2_ws/src/build/act': CMAKE_PREFIX_PATH=${CMAKE_PREFIX_PATH}:/opt/ros/jazzy CONDA_PROMPT_MODIFIER=(myenv) /usr/bin/cmake /home/super-rogatory/ros2_ws/src/act -DCMAKE_INSTALL_PREFIX=/home/super-rogatory/ros2_ws/src/install/act
[0.011s] -- Found ament_cmake: 2.5.2 (/opt/ros/jazzy/share/ament_cmake/cmake)
[0.101s] -- Found rclpy: 7.1.2 (/opt/ros/jazzy/share/rclpy/cmake)
[0.111s] Traceback (most recent call last):
[0.111s]   File "/opt/ros/jazzy/share/ament_cmake_core/cmake/core/package_xml_2_cmake.py", line 22, in <module>
[0.111s]     from catkin_pkg.package import parse_package_string
[0.111s] ModuleNotFoundError: No module named 'catkin_pkg'
[0.113s] [31mCMake Error at /opt/ros/jazzy/share/ament_cmake_core/cmake/core/ament_package_xml.cmake:95 (message):
[0.113s]   execute_process(/home/super-rogatory/miniconda3/bin/python3
[0.113s]   /opt/ros/jazzy/share/ament_cmake_core/cmake/core/package_xml_2_cmake.py
[0.113s]   /home/super-rogatory/ros2_ws/src/act/package.xml
[0.113s]   /home/super-rogatory/ros2_ws/src/build/act/ament_cmake_core/package.cmake)
[0.113s]   returned error code 1
[0.113s] Call Stack (most recent call first):
[0.113s]   /opt/ros/jazzy/share/ament_cmake_core/cmake/core/ament_package_xml.cmake:49 (_ament_package_xml)
[0.113s]   /opt/ros/jazzy/share/ament_cmake_core/cmake/core/ament_package.cmake:63 (ament_package_xml)
[0.113s]   CMakeLists.txt:18 (ament_package)
[0.113s] 
[0.113s] [0m
[0.113s] -- Configuring incomplete, errors occurred!
[0.115s] Invoked command in '/home/super-rogatory/ros2_ws/src/build/act' returned '1': CMAKE_PREFIX_PATH=${CMAKE_PREFIX_PATH}:/opt/ros/jazzy CONDA_PROMPT_MODIFIER=(myenv) /usr/bin/cmake /home/super-rogatory/ros2_ws/src/act -DCMAKE_INSTALL_PREFIX=/home/super-rogatory/ros2_ws/src/install/act
