[0.007s] Invoking command in '/home/super-rogatory/ros2_ws/src/build/act': CMAKE_PREFIX_PATH=${CMAKE_PREFIX_PATH}:/opt/ros/jazzy CONDA_PROMPT_MODIFIER=(base) /usr/bin/cmake /home/super-rogatory/ros2_ws/src/act -DCMAKE_INSTALL_PREFIX=/home/super-rogatory/ros2_ws/src/install/act
[0.139s] -- The C compiler identification is GNU 13.2.0
[0.332s] -- The CXX compiler identification is GNU 13.2.0
[0.442s] -- Detecting C compiler ABI info
[0.522s] -- Detecting C compiler ABI info - done
[0.527s] -- Check for working C compiler: /usr/bin/cc - skipped
[0.527s] -- Detecting C compile features
[0.527s] -- Detecting C compile features - done
[0.547s] -- Detecting CXX compiler ABI info
[0.651s] -- Detecting CXX compiler ABI info - done
[0.655s] -- Check for working CXX compiler: /usr/bin/c++ - skipped
[0.655s] -- Detecting CXX compile features
[0.656s] -- Detecting CXX compile features - done
[0.674s] -- Found ament_cmake: 2.5.2 (/opt/ros/jazzy/share/ament_cmake/cmake)
[0.744s] -- Found Python3: /home/super-rogatory/miniconda3/bin/python3 (found version "3.12.7") found components: Interpreter 
[0.832s] -- Found rclpy: 7.1.2 (/opt/ros/jazzy/share/rclpy/cmake)
[0.842s] Traceback (most recent call last):
[0.842s]   File "/opt/ros/jazzy/share/ament_cmake_core/cmake/core/package_xml_2_cmake.py", line 22, in <module>
[0.842s]     from catkin_pkg.package import parse_package_string
[0.842s] ModuleNotFoundError: No module named 'catkin_pkg'
[0.843s] [31mCMake Error at /opt/ros/jazzy/share/ament_cmake_core/cmake/core/ament_package_xml.cmake:95 (message):
[0.843s]   execute_process(/home/super-rogatory/miniconda3/bin/python3
[0.843s]   /opt/ros/jazzy/share/ament_cmake_core/cmake/core/package_xml_2_cmake.py
[0.843s]   /home/super-rogatory/ros2_ws/src/act/package.xml
[0.843s]   /home/super-rogatory/ros2_ws/src/build/act/ament_cmake_core/package.cmake)
[0.843s]   returned error code 1
[0.843s] Call Stack (most recent call first):
[0.844s]   /opt/ros/jazzy/share/ament_cmake_core/cmake/core/ament_package_xml.cmake:49 (_ament_package_xml)
[0.844s]   /opt/ros/jazzy/share/ament_cmake_core/cmake/core/ament_package.cmake:63 (ament_package_xml)
[0.844s]   CMakeLists.txt:18 (ament_package)
[0.844s] 
[0.844s] [0m
[0.844s] -- Configuring incomplete, errors occurred!
[0.846s] Invoked command in '/home/super-rogatory/ros2_ws/src/build/act' returned '1': CMAKE_PREFIX_PATH=${CMAKE_PREFIX_PATH}:/opt/ros/jazzy CONDA_PROMPT_MODIFIER=(base) /usr/bin/cmake /home/super-rogatory/ros2_ws/src/act -DCMAKE_INSTALL_PREFIX=/home/super-rogatory/ros2_ws/src/install/act
